c:\users\michalpatryk\source\repos\polslassembly\japrojekt\japrojekt\x64\debug\moc_japrojekt.obj
c:\users\michalpatryk\source\repos\polslassembly\japrojekt\japrojekt\x64\debug\qrc_japrojekt.obj
c:\users\michalpatryk\source\repos\polslassembly\japrojekt\japrojekt\x64\debug\main.obj
c:\users\michalpatryk\source\repos\polslassembly\japrojekt\japrojekt\x64\debug\japrojekt.obj
c:\users\michalpatryk\source\repos\polslassembly\japrojekt\japrojekt\x64\debug\vc142.pdb
c:\users\michalpatryk\source\repos\polslassembly\japrojekt\japrojekt\x64\debug\uic\ui_japrojekt.h
c:\users\michalpatryk\source\repos\polslassembly\japrojekt\japrojekt\x64\debug\rcc\qrc_japrojekt.cpp
c:\users\michalpatryk\source\repos\polslassembly\japrojekt\japrojekt\x64\debug\moc\moc_japrojekt.cpp
c:\users\michalpatryk\source\repos\polslassembly\japrojekt\x64\debug\japrojekt.ilk
c:\users\michalpatryk\source\repos\polslassembly\japrojekt\x64\debug\japrojekt.exe
c:\users\michalpatryk\source\repos\polslassembly\japrojekt\x64\debug\japrojekt.pdb
c:\users\michalpatryk\source\repos\polslassembly\japrojekt\japrojekt\x64\debug\japrojekt.tlog\cl.16364.write.1.tlog
c:\users\michalpatryk\source\repos\polslassembly\japrojekt\japrojekt\x64\debug\japrojekt.tlog\cl.command.1.tlog
c:\users\michalpatryk\source\repos\polslassembly\japrojekt\japrojekt\x64\debug\japrojekt.tlog\cl.read.1.tlog
c:\users\michalpatryk\source\repos\polslassembly\japrojekt\japrojekt\x64\debug\japrojekt.tlog\japrojekt.write.1u.tlog
c:\users\michalpatryk\source\repos\polslassembly\japrojekt\japrojekt\x64\debug\japrojekt.tlog\link.command.1.tlog
c:\users\michalpatryk\source\repos\polslassembly\japrojekt\japrojekt\x64\debug\japrojekt.tlog\link.read.1.tlog
c:\users\michalpatryk\source\repos\polslassembly\japrojekt\japrojekt\x64\debug\japrojekt.tlog\link.write.1.tlog
c:\users\michalpatryk\source\repos\polslassembly\japrojekt\japrojekt\x64\debug\japrojekt.tlog\moc.read.1u.tlog
c:\users\michalpatryk\source\repos\polslassembly\japrojekt\japrojekt\x64\debug\japrojekt.tlog\moc.write.1u.tlog
c:\users\michalpatryk\source\repos\polslassembly\japrojekt\japrojekt\x64\debug\japrojekt.tlog\rcc.read.1u.tlog
c:\users\michalpatryk\source\repos\polslassembly\japrojekt\japrojekt\x64\debug\japrojekt.tlog\rcc.write.1u.tlog
c:\users\michalpatryk\source\repos\polslassembly\japrojekt\japrojekt\x64\debug\japrojekt.tlog\uic.read.1u.tlog
c:\users\michalpatryk\source\repos\polslassembly\japrojekt\japrojekt\x64\debug\japrojekt.tlog\uic.write.1u.tlog
